<?xml version="1.0" encoding="UTF-8"?>
<testsuite xmlns:xsi="http://www.w3.org/2001/XMLSchema-instance" xsi:noNamespaceSchemaLocation="https://maven.apache.org/surefire/maven-surefire-plugin/xsd/surefire-test-report-3.0.xsd" version="3.0" name="com.qub.artios.ArtiosApplicationTests" time="3.05" tests="1" errors="0" skipped="0" failures="0">
  <properties>
[...]
</properties>
  <testcase name="contextLoads" classname="com.qub.artios.ArtiosApplicationTests" time="0.91">
    <system-out><![CDATA[20:20:49.530 [main] INFO org.springframework.test.context.support.AnnotationConfigContextLoaderUtils -- Could not detect default configuration classes for test class [com.qub.artios.ArtiosApplicationTests]: ArtiosApplicationTests does not declare any static, non-private, non-final, nested classes annotated with @Configuration.
20:20:49.639 [main] INFO org.springframework.boot.test.context.SpringBootTestContextBootstrapper -- Found @SpringBootConfiguration com.qub.artios.ArtiosApplication for test class com.qub.artios.ArtiosApplicationTests

  .   ____          _            __ _ _
 /\\ / ___'_ __ _ _(_)_ __  __ _ \ \ \ \
( ( )\___ | '_ | '_| | '_ \/ _` | \ \ \ \
 \\/  ___)| |_)| | | | | || (_| |  ) ) ) )
  '  |____| .__|_| |_|_| |_\__, | / / / /
 =========|_|==============|___/=/_/_/_/
 :: Spring Boot ::                (v3.1.4)

2023-10-07T20:20:50.069+01:00  INFO 35552 --- [           main] com.qub.artios.ArtiosApplicationTests    : Starting ArtiosApplicationTests using Java 17.0.7 with PID 35552 (started by Rahul Verm in C:\Users\Rahul Verm\OneDrive\Desktop\ktp\artios)
2023-10-07T20:20:50.074+01:00  INFO 35552 --- [           main] com.qub.artios.ArtiosApplicationTests    : No active profile set, falling back to 1 default profile: "default"
2023-10-07T20:20:50.875+01:00  INFO 35552 --- [           main] trationDelegate$BeanPostProcessorChecker : Bean 'org.springframework.ws.config.annotation.DelegatingWsConfiguration' of type [org.springframework.ws.config.annotation.DelegatingWsConfiguration$$SpringCGLIB$$0] is not eligible for getting processed by all BeanPostProcessors (for example: not eligible for auto-proxying)
2023-10-07T20:20:50.914+01:00  INFO 35552 --- [           main] .w.s.a.s.AnnotationActionEndpointMapping : Supporting [WS-Addressing August 2004, WS-Addressing 1.0]
2023-10-07T20:20:51.504+01:00  INFO 35552 --- [           main] com.qub.artios.ArtiosApplicationTests    : Started ArtiosApplicationTests in 1.691 seconds (process running for 2.67)
]]></system-out>
  </testcase>
</testsuite>